{"/home/gwl/SAMANDAR/react-training/src/App.js": {"path":"/home/gwl/SAMANDAR/react-training/src/App.js","statementMap":{"0":{"start":{"line":5,"column":12},"end":{"line":16,"column":1}},"1":{"start":{"line":6,"column":2},"end":{"line":15,"column":4}}},"fnMap":{"0":{"name":"(anonymous_0)","decl":{"start":{"line":5,"column":12},"end":{"line":5,"column":13}},"loc":{"start":{"line":5,"column":18},"end":{"line":16,"column":1}},"line":5}},"branchMap":{},"s":{"0":1,"1":1},"f":{"0":1},"b":{},"_coverageSchema":"43e27e138ebf9cfc5966b082cf9a028302ed4184","hash":"cf5decb2ad20a3ca29aec7ca27184645129da619"}
,"/home/gwl/SAMANDAR/react-training/src/FooterData.jsx": {"path":"/home/gwl/SAMANDAR/react-training/src/FooterData.jsx","statementMap":{"0":{"start":{"line":3,"column":4},"end":{"line":50,"column":5}},"1":{"start":{"line":51,"column":30},"end":{"line":57,"column":7}}},"fnMap":{},"branchMap":{},"s":{"0":3,"1":3},"f":{},"b":{},"_coverageSchema":"43e27e138ebf9cfc5966b082cf9a028302ed4184","hash":"bff3bf810c935476c918a3237428051860ef7cef"}
,"/home/gwl/SAMANDAR/react-training/src/index.js": {"path":"/home/gwl/SAMANDAR/react-training/src/index.js","statementMap":{"0":{"start":{"line":7,"column":0},"end":{"line":7,"column":58}},"1":{"start":{"line":12,"column":0},"end":{"line":12,"column":27}}},"fnMap":{},"branchMap":{},"s":{"0":0,"1":0},"f":{},"b":{},"hash":"5d0a88ae51bcad434f70423ba75d0f02fcf77336"}
,"/home/gwl/SAMANDAR/react-training/src/serviceWorker.js": {"path":"/home/gwl/SAMANDAR/react-training/src/serviceWorker.js","statementMap":{"0":{"start":{"line":13,"column":20},"end":{"line":21,"column":1}},"1":{"start":{"line":24,"column":2},"end":{"line":54,"column":3}},"2":{"start":{"line":26,"column":22},"end":{"line":26,"column":75}},"3":{"start":{"line":27,"column":4},"end":{"line":32,"column":5}},"4":{"start":{"line":31,"column":6},"end":{"line":31,"column":13}},"5":{"start":{"line":34,"column":4},"end":{"line":53,"column":7}},"6":{"start":{"line":35,"column":20},"end":{"line":35,"column":65}},"7":{"start":{"line":37,"column":6},"end":{"line":52,"column":7}},"8":{"start":{"line":39,"column":8},"end":{"line":39,"column":47}},"9":{"start":{"line":43,"column":8},"end":{"line":48,"column":11}},"10":{"start":{"line":44,"column":10},"end":{"line":47,"column":12}},"11":{"start":{"line":51,"column":8},"end":{"line":51,"column":39}},"12":{"start":{"line":58,"column":2},"end":{"line":98,"column":7}},"13":{"start":{"line":61,"column":6},"end":{"line":94,"column":8}},"14":{"start":{"line":62,"column":33},"end":{"line":62,"column":56}},"15":{"start":{"line":63,"column":8},"end":{"line":65,"column":9}},"16":{"start":{"line":64,"column":10},"end":{"line":64,"column":17}},"17":{"start":{"line":66,"column":8},"end":{"line":93,"column":10}},"18":{"start":{"line":67,"column":10},"end":{"line":92,"column":11}},"19":{"start":{"line":68,"column":12},"end":{"line":91,"column":13}},"20":{"start":{"line":72,"column":14},"end":{"line":75,"column":16}},"21":{"start":{"line":78,"column":14},"end":{"line":80,"column":15}},"22":{"start":{"line":79,"column":16},"end":{"line":79,"column":46}},"23":{"start":{"line":85,"column":14},"end":{"line":85,"column":64}},"24":{"start":{"line":88,"column":14},"end":{"line":90,"column":15}},"25":{"start":{"line":89,"column":16},"end":{"line":89,"column":47}},"26":{"start":{"line":97,"column":6},"end":{"line":97,"column":72}},"27":{"start":{"line":103,"column":2},"end":{"line":126,"column":7}},"28":{"start":{"line":106,"column":26},"end":{"line":106,"column":62}},"29":{"start":{"line":107,"column":6},"end":{"line":120,"column":7}},"30":{"start":{"line":112,"column":8},"end":{"line":116,"column":11}},"31":{"start":{"line":113,"column":10},"end":{"line":115,"column":13}},"32":{"start":{"line":114,"column":12},"end":{"line":114,"column":37}},"33":{"start":{"line":119,"column":8},"end":{"line":119,"column":39}},"34":{"start":{"line":123,"column":6},"end":{"line":125,"column":8}},"35":{"start":{"line":130,"column":2},"end":{"line":134,"column":3}},"36":{"start":{"line":131,"column":4},"end":{"line":133,"column":7}},"37":{"start":{"line":132,"column":6},"end":{"line":132,"column":32}}},"fnMap":{"0":{"name":"register","decl":{"start":{"line":23,"column":16},"end":{"line":23,"column":24}},"loc":{"start":{"line":23,"column":33},"end":{"line":55,"column":1}},"line":23},"1":{"name":"(anonymous_1)","decl":{"start":{"line":34,"column":36},"end":{"line":34,"column":37}},"loc":{"start":{"line":34,"column":42},"end":{"line":53,"column":5}},"line":34},"2":{"name":"(anonymous_2)","decl":{"start":{"line":43,"column":43},"end":{"line":43,"column":44}},"loc":{"start":{"line":43,"column":49},"end":{"line":48,"column":9}},"line":43},"3":{"name":"registerValidSW","decl":{"start":{"line":57,"column":9},"end":{"line":57,"column":24}},"loc":{"start":{"line":57,"column":40},"end":{"line":99,"column":1}},"line":57},"4":{"name":"(anonymous_4)","decl":{"start":{"line":60,"column":10},"end":{"line":60,"column":11}},"loc":{"start":{"line":60,"column":26},"end":{"line":95,"column":5}},"line":60},"5":{"name":"(anonymous_5)","decl":{"start":{"line":61,"column":35},"end":{"line":61,"column":36}},"loc":{"start":{"line":61,"column":41},"end":{"line":94,"column":7}},"line":61},"6":{"name":"(anonymous_6)","decl":{"start":{"line":66,"column":41},"end":{"line":66,"column":42}},"loc":{"start":{"line":66,"column":47},"end":{"line":93,"column":9}},"line":66},"7":{"name":"(anonymous_7)","decl":{"start":{"line":96,"column":11},"end":{"line":96,"column":12}},"loc":{"start":{"line":96,"column":20},"end":{"line":98,"column":5}},"line":96},"8":{"name":"checkValidServiceWorker","decl":{"start":{"line":101,"column":9},"end":{"line":101,"column":32}},"loc":{"start":{"line":101,"column":48},"end":{"line":127,"column":1}},"line":101},"9":{"name":"(anonymous_9)","decl":{"start":{"line":104,"column":10},"end":{"line":104,"column":11}},"loc":{"start":{"line":104,"column":22},"end":{"line":121,"column":5}},"line":104},"10":{"name":"(anonymous_10)","decl":{"start":{"line":112,"column":43},"end":{"line":112,"column":44}},"loc":{"start":{"line":112,"column":59},"end":{"line":116,"column":9}},"line":112},"11":{"name":"(anonymous_11)","decl":{"start":{"line":113,"column":41},"end":{"line":113,"column":42}},"loc":{"start":{"line":113,"column":47},"end":{"line":115,"column":11}},"line":113},"12":{"name":"(anonymous_12)","decl":{"start":{"line":122,"column":11},"end":{"line":122,"column":12}},"loc":{"start":{"line":122,"column":17},"end":{"line":126,"column":5}},"line":122},"13":{"name":"unregister","decl":{"start":{"line":129,"column":16},"end":{"line":129,"column":26}},"loc":{"start":{"line":129,"column":29},"end":{"line":135,"column":1}},"line":129},"14":{"name":"(anonymous_14)","decl":{"start":{"line":131,"column":39},"end":{"line":131,"column":40}},"loc":{"start":{"line":131,"column":55},"end":{"line":133,"column":5}},"line":131}},"branchMap":{"0":{"loc":{"start":{"line":14,"column":2},"end":{"line":20,"column":5}},"type":"binary-expr","locations":[{"start":{"line":14,"column":2},"end":{"line":14,"column":42}},{"start":{"line":16,"column":4},"end":{"line":16,"column":40}},{"start":{"line":18,"column":4},"end":{"line":20,"column":5}}],"line":14},"1":{"loc":{"start":{"line":24,"column":2},"end":{"line":54,"column":3}},"type":"if","locations":[{"start":{"line":24,"column":2},"end":{"line":54,"column":3}},{"start":{"line":24,"column":2},"end":{"line":54,"column":3}}],"line":24},"2":{"loc":{"start":{"line":24,"column":6},"end":{"line":24,"column":75}},"type":"binary-expr","locations":[{"start":{"line":24,"column":6},"end":{"line":24,"column":43}},{"start":{"line":24,"column":47},"end":{"line":24,"column":75}}],"line":24},"3":{"loc":{"start":{"line":27,"column":4},"end":{"line":32,"column":5}},"type":"if","locations":[{"start":{"line":27,"column":4},"end":{"line":32,"column":5}},{"start":{"line":27,"column":4},"end":{"line":32,"column":5}}],"line":27},"4":{"loc":{"start":{"line":37,"column":6},"end":{"line":52,"column":7}},"type":"if","locations":[{"start":{"line":37,"column":6},"end":{"line":52,"column":7}},{"start":{"line":37,"column":6},"end":{"line":52,"column":7}}],"line":37},"5":{"loc":{"start":{"line":63,"column":8},"end":{"line":65,"column":9}},"type":"if","locations":[{"start":{"line":63,"column":8},"end":{"line":65,"column":9}},{"start":{"line":63,"column":8},"end":{"line":65,"column":9}}],"line":63},"6":{"loc":{"start":{"line":67,"column":10},"end":{"line":92,"column":11}},"type":"if","locations":[{"start":{"line":67,"column":10},"end":{"line":92,"column":11}},{"start":{"line":67,"column":10},"end":{"line":92,"column":11}}],"line":67},"7":{"loc":{"start":{"line":68,"column":12},"end":{"line":91,"column":13}},"type":"if","locations":[{"start":{"line":68,"column":12},"end":{"line":91,"column":13}},{"start":{"line":68,"column":12},"end":{"line":91,"column":13}}],"line":68},"8":{"loc":{"start":{"line":78,"column":14},"end":{"line":80,"column":15}},"type":"if","locations":[{"start":{"line":78,"column":14},"end":{"line":80,"column":15}},{"start":{"line":78,"column":14},"end":{"line":80,"column":15}}],"line":78},"9":{"loc":{"start":{"line":78,"column":18},"end":{"line":78,"column":43}},"type":"binary-expr","locations":[{"start":{"line":78,"column":18},"end":{"line":78,"column":24}},{"start":{"line":78,"column":28},"end":{"line":78,"column":43}}],"line":78},"10":{"loc":{"start":{"line":88,"column":14},"end":{"line":90,"column":15}},"type":"if","locations":[{"start":{"line":88,"column":14},"end":{"line":90,"column":15}},{"start":{"line":88,"column":14},"end":{"line":90,"column":15}}],"line":88},"11":{"loc":{"start":{"line":88,"column":18},"end":{"line":88,"column":44}},"type":"binary-expr","locations":[{"start":{"line":88,"column":18},"end":{"line":88,"column":24}},{"start":{"line":88,"column":28},"end":{"line":88,"column":44}}],"line":88},"12":{"loc":{"start":{"line":107,"column":6},"end":{"line":120,"column":7}},"type":"if","locations":[{"start":{"line":107,"column":6},"end":{"line":120,"column":7}},{"start":{"line":107,"column":6},"end":{"line":120,"column":7}}],"line":107},"13":{"loc":{"start":{"line":108,"column":8},"end":{"line":109,"column":73}},"type":"binary-expr","locations":[{"start":{"line":108,"column":8},"end":{"line":108,"column":31}},{"start":{"line":109,"column":9},"end":{"line":109,"column":28}},{"start":{"line":109,"column":32},"end":{"line":109,"column":72}}],"line":108},"14":{"loc":{"start":{"line":130,"column":2},"end":{"line":134,"column":3}},"type":"if","locations":[{"start":{"line":130,"column":2},"end":{"line":134,"column":3}},{"start":{"line":130,"column":2},"end":{"line":134,"column":3}}],"line":130}},"s":{"0":0,"1":0,"2":0,"3":0,"4":0,"5":0,"6":0,"7":0,"8":0,"9":0,"10":0,"11":0,"12":0,"13":0,"14":0,"15":0,"16":0,"17":0,"18":0,"19":0,"20":0,"21":0,"22":0,"23":0,"24":0,"25":0,"26":0,"27":0,"28":0,"29":0,"30":0,"31":0,"32":0,"33":0,"34":0,"35":0,"36":0,"37":0},"f":{"0":0,"1":0,"2":0,"3":0,"4":0,"5":0,"6":0,"7":0,"8":0,"9":0,"10":0,"11":0,"12":0,"13":0,"14":0},"b":{"0":[0,0,0],"1":[0,0],"2":[0,0],"3":[0,0],"4":[0,0],"5":[0,0],"6":[0,0],"7":[0,0],"8":[0,0],"9":[0,0],"10":[0,0],"11":[0,0],"12":[0,0],"13":[0,0,0],"14":[0,0]},"hash":"d334f6ae1fcfc79110991068219a36d8c5bf7713"}
,"/home/gwl/SAMANDAR/react-training/src/Component/Footer/Footer.jsx": {"path":"/home/gwl/SAMANDAR/react-training/src/Component/Footer/Footer.jsx","statementMap":{"0":{"start":{"line":13,"column":15},"end":{"line":30,"column":1}},"1":{"start":{"line":14,"column":4},"end":{"line":29,"column":6}},"2":{"start":{"line":18,"column":20},"end":{"line":18,"column":78}}},"fnMap":{"0":{"name":"(anonymous_0)","decl":{"start":{"line":13,"column":15},"end":{"line":13,"column":16}},"loc":{"start":{"line":13,"column":21},"end":{"line":30,"column":1}},"line":13},"1":{"name":"(anonymous_1)","decl":{"start":{"line":17,"column":32},"end":{"line":17,"column":33}},"loc":{"start":{"line":17,"column":53},"end":{"line":19,"column":17}},"line":17}},"branchMap":{},"s":{"0":2,"1":3,"2":15},"f":{"0":3,"1":15},"b":{},"_coverageSchema":"43e27e138ebf9cfc5966b082cf9a028302ed4184","hash":"9500478079d842530085e546b064c98eeb018750"}
,"/home/gwl/SAMANDAR/react-training/src/Component/Footer/FooterCopyright/FooterCopyright.jsx": {"path":"/home/gwl/SAMANDAR/react-training/src/Component/Footer/FooterCopyright/FooterCopyright.jsx","statementMap":{"0":{"start":{"line":10,"column":19},"end":{"line":16,"column":1}},"1":{"start":{"line":11,"column":4},"end":{"line":15,"column":6}},"2":{"start":{"line":23,"column":24},"end":{"line":31,"column":1}},"3":{"start":{"line":24,"column":48},"end":{"line":24,"column":53}},"4":{"start":{"line":25,"column":4},"end":{"line":30,"column":6}},"5":{"start":{"line":32,"column":0},"end":{"line":35,"column":1}}},"fnMap":{"0":{"name":"(anonymous_0)","decl":{"start":{"line":10,"column":19},"end":{"line":10,"column":20}},"loc":{"start":{"line":10,"column":42},"end":{"line":16,"column":1}},"line":10},"1":{"name":"(anonymous_1)","decl":{"start":{"line":23,"column":24},"end":{"line":23,"column":25}},"loc":{"start":{"line":23,"column":33},"end":{"line":31,"column":1}},"line":23}},"branchMap":{},"s":{"0":2,"1":3,"2":2,"3":3,"4":3,"5":2},"f":{"0":3,"1":3},"b":{},"_coverageSchema":"43e27e138ebf9cfc5966b082cf9a028302ed4184","hash":"10351405a57041e92a4f454b9f538b8585ce9387"}
,"/home/gwl/SAMANDAR/react-training/src/Component/Footer/FooterCopyright/index.jsx": {"path":"/home/gwl/SAMANDAR/react-training/src/Component/Footer/FooterCopyright/index.jsx","statementMap":{},"fnMap":{},"branchMap":{},"s":{},"f":{},"b":{},"_coverageSchema":"43e27e138ebf9cfc5966b082cf9a028302ed4184","hash":"bf6839cc39f1c508965f1353eed93f4558a67e95"}
,"/home/gwl/SAMANDAR/react-training/src/Component/Footer/FooterLink/FooterLink.jsx": {"path":"/home/gwl/SAMANDAR/react-training/src/Component/Footer/FooterLink/FooterLink.jsx","statementMap":{"0":{"start":{"line":12,"column":19},"end":{"line":26,"column":1}},"1":{"start":{"line":13,"column":25},"end":{"line":13,"column":30}},"2":{"start":{"line":14,"column":4},"end":{"line":25,"column":6}},"3":{"start":{"line":18,"column":16},"end":{"line":22,"column":18}},"4":{"start":{"line":27,"column":0},"end":{"line":29,"column":1}}},"fnMap":{"0":{"name":"(anonymous_0)","decl":{"start":{"line":12,"column":19},"end":{"line":12,"column":20}},"loc":{"start":{"line":12,"column":28},"end":{"line":26,"column":1}},"line":12},"1":{"name":"(anonymous_1)","decl":{"start":{"line":17,"column":34},"end":{"line":17,"column":35}},"loc":{"start":{"line":17,"column":52},"end":{"line":23,"column":14}},"line":17}},"branchMap":{},"s":{"0":2,"1":15,"2":15,"3":54,"4":2},"f":{"0":15,"1":54},"b":{},"_coverageSchema":"43e27e138ebf9cfc5966b082cf9a028302ed4184","hash":"af4d085baa88275a2e4caf054bd9b2a0883ebc32"}
,"/home/gwl/SAMANDAR/react-training/src/Component/Footer/FooterLink/index.jsx": {"path":"/home/gwl/SAMANDAR/react-training/src/Component/Footer/FooterLink/index.jsx","statementMap":{},"fnMap":{},"branchMap":{},"s":{},"f":{},"b":{},"_coverageSchema":"43e27e138ebf9cfc5966b082cf9a028302ed4184","hash":"90562c4be398abebc42e5b97bf88889ee810c226"}
,"/home/gwl/SAMANDAR/react-training/src/Component/Footer/FooterSocial/FooterSocial.jsx": {"path":"/home/gwl/SAMANDAR/react-training/src/Component/Footer/FooterSocial/FooterSocial.jsx","statementMap":{"0":{"start":{"line":11,"column":21},"end":{"line":29,"column":1}},"1":{"start":{"line":12,"column":25},"end":{"line":12,"column":30}},"2":{"start":{"line":13,"column":4},"end":{"line":28,"column":6}},"3":{"start":{"line":18,"column":16},"end":{"line":24,"column":17}},"4":{"start":{"line":30,"column":0},"end":{"line":32,"column":1}}},"fnMap":{"0":{"name":"(anonymous_0)","decl":{"start":{"line":11,"column":21},"end":{"line":11,"column":22}},"loc":{"start":{"line":11,"column":30},"end":{"line":29,"column":1}},"line":11},"1":{"name":"(anonymous_1)","decl":{"start":{"line":17,"column":28},"end":{"line":17,"column":29}},"loc":{"start":{"line":17,"column":47},"end":{"line":25,"column":13}},"line":17}},"branchMap":{},"s":{"0":3,"1":4,"2":4,"3":20,"4":3},"f":{"0":4,"1":20},"b":{},"_coverageSchema":"43e27e138ebf9cfc5966b082cf9a028302ed4184","hash":"49114289103134a7c9f14c5a5a7e5aee12b1015d"}
,"/home/gwl/SAMANDAR/react-training/src/Component/Footer/FooterSocial/index.jsx": {"path":"/home/gwl/SAMANDAR/react-training/src/Component/Footer/FooterSocial/index.jsx","statementMap":{},"fnMap":{},"branchMap":{},"s":{},"f":{},"b":{},"_coverageSchema":"43e27e138ebf9cfc5966b082cf9a028302ed4184","hash":"506ec45103302be29225d015f55e178d6b4b6f12"}
,"/home/gwl/SAMANDAR/react-training/src/Component/Shared/Button/Button.jsx": {"path":"/home/gwl/SAMANDAR/react-training/src/Component/Shared/Button/Button.jsx","statementMap":{"0":{"start":{"line":15,"column":15},"end":{"line":36,"column":1}},"1":{"start":{"line":24,"column":8},"end":{"line":24,"column":13}},"2":{"start":{"line":25,"column":4},"end":{"line":35,"column":6}},"3":{"start":{"line":30,"column":26},"end":{"line":30,"column":55}},"4":{"start":{"line":38,"column":0},"end":{"line":46,"column":1}},"5":{"start":{"line":48,"column":0},"end":{"line":55,"column":4}}},"fnMap":{"0":{"name":"(anonymous_0)","decl":{"start":{"line":15,"column":15},"end":{"line":15,"column":16}},"loc":{"start":{"line":15,"column":24},"end":{"line":36,"column":1}},"line":15},"1":{"name":"(anonymous_1)","decl":{"start":{"line":30,"column":21},"end":{"line":30,"column":22}},"loc":{"start":{"line":30,"column":26},"end":{"line":30,"column":55}},"line":30},"2":{"name":"(anonymous_2)","decl":{"start":{"line":42,"column":20},"end":{"line":42,"column":21}},"loc":{"start":{"line":42,"column":26},"end":{"line":42,"column":28}},"line":42}},"branchMap":{},"s":{"0":6,"1":65,"2":65,"3":9,"4":6,"5":6},"f":{"0":65,"1":9,"2":0},"b":{},"_coverageSchema":"43e27e138ebf9cfc5966b082cf9a028302ed4184","hash":"e989205f6694bb9dd8f1184d4b4d762ac6fe1335"}
,"/home/gwl/SAMANDAR/react-training/src/Component/Shared/Button/index.jsx": {"path":"/home/gwl/SAMANDAR/react-training/src/Component/Shared/Button/index.jsx","statementMap":{},"fnMap":{},"branchMap":{},"s":{},"f":{},"b":{},"_coverageSchema":"43e27e138ebf9cfc5966b082cf9a028302ed4184","hash":"0f44bb99a78ef6f33cdd5eec612f97f6baf5663c"}
,"/home/gwl/SAMANDAR/react-training/src/Component/Shared/Heading/Heading.jsx": {"path":"/home/gwl/SAMANDAR/react-training/src/Component/Shared/Heading/Heading.jsx","statementMap":{"0":{"start":{"line":10,"column":16},"end":{"line":24,"column":1}},"1":{"start":{"line":11,"column":38},"end":{"line":11,"column":43}},"2":{"start":{"line":12,"column":4},"end":{"line":23,"column":5}},"3":{"start":{"line":14,"column":12},"end":{"line":14,"column":73}},"4":{"start":{"line":16,"column":12},"end":{"line":16,"column":73}},"5":{"start":{"line":18,"column":12},"end":{"line":18,"column":73}},"6":{"start":{"line":20,"column":12},"end":{"line":20,"column":73}},"7":{"start":{"line":22,"column":12},"end":{"line":22,"column":24}},"8":{"start":{"line":25,"column":0},"end":{"line":28,"column":1}},"9":{"start":{"line":29,"column":0},"end":{"line":31,"column":1}}},"fnMap":{"0":{"name":"(anonymous_0)","decl":{"start":{"line":10,"column":16},"end":{"line":10,"column":17}},"loc":{"start":{"line":10,"column":25},"end":{"line":24,"column":1}},"line":10}},"branchMap":{"0":{"loc":{"start":{"line":12,"column":4},"end":{"line":23,"column":5}},"type":"switch","locations":[{"start":{"line":13,"column":8},"end":{"line":14,"column":73}},{"start":{"line":15,"column":8},"end":{"line":16,"column":73}},{"start":{"line":17,"column":8},"end":{"line":18,"column":73}},{"start":{"line":19,"column":8},"end":{"line":20,"column":73}},{"start":{"line":21,"column":8},"end":{"line":22,"column":24}}],"line":12}},"s":{"0":3,"1":21,"2":21,"3":1,"4":1,"5":1,"6":17,"7":1,"8":3,"9":3},"f":{"0":21},"b":{"0":[1,1,1,17,1]},"_coverageSchema":"43e27e138ebf9cfc5966b082cf9a028302ed4184","hash":"6093f8be3c1e38b53c3cca408ed1450e1c7040c6"}
,"/home/gwl/SAMANDAR/react-training/src/Component/Shared/Heading/index.jsx": {"path":"/home/gwl/SAMANDAR/react-training/src/Component/Shared/Heading/index.jsx","statementMap":{},"fnMap":{},"branchMap":{},"s":{},"f":{},"b":{},"_coverageSchema":"43e27e138ebf9cfc5966b082cf9a028302ed4184","hash":"b679b5b0bd720ce3b4c2102ae4adee2e31e2c740"}
,"/home/gwl/SAMANDAR/react-training/src/Component/Shared/Icons/Icon.jsx": {"path":"/home/gwl/SAMANDAR/react-training/src/Component/Shared/Icons/Icon.jsx","statementMap":{"0":{"start":{"line":10,"column":13},"end":{"line":18,"column":1}},"1":{"start":{"line":11,"column":32},"end":{"line":11,"column":37}},"2":{"start":{"line":12,"column":4},"end":{"line":17,"column":6}},"3":{"start":{"line":19,"column":0},"end":{"line":22,"column":1}}},"fnMap":{"0":{"name":"(anonymous_0)","decl":{"start":{"line":10,"column":13},"end":{"line":10,"column":14}},"loc":{"start":{"line":10,"column":22},"end":{"line":18,"column":1}},"line":10}},"branchMap":{},"s":{"0":4,"1":22,"2":22,"3":4},"f":{"0":22},"b":{},"_coverageSchema":"43e27e138ebf9cfc5966b082cf9a028302ed4184","hash":"e4306ac47a3498aa6fadd4f533d25ada6549fd36"}
,"/home/gwl/SAMANDAR/react-training/src/Component/Shared/Icons/index.jsx": {"path":"/home/gwl/SAMANDAR/react-training/src/Component/Shared/Icons/index.jsx","statementMap":{},"fnMap":{},"branchMap":{},"s":{},"f":{},"b":{},"_coverageSchema":"43e27e138ebf9cfc5966b082cf9a028302ed4184","hash":"da6d2c5b28515861ea51650b7da6abf0962c65ab"}
,"/home/gwl/SAMANDAR/react-training/src/Component/Shared/Input/Input.jsx": {"path":"/home/gwl/SAMANDAR/react-training/src/Component/Shared/Input/Input.jsx","statementMap":{"0":{"start":{"line":15,"column":14},"end":{"line":40,"column":1}},"1":{"start":{"line":24,"column":8},"end":{"line":24,"column":13}},"2":{"start":{"line":25,"column":4},"end":{"line":39,"column":6}},"3":{"start":{"line":34,"column":31},"end":{"line":34,"column":46}},"4":{"start":{"line":42,"column":0},"end":{"line":50,"column":2}},"5":{"start":{"line":52,"column":0},"end":{"line":60,"column":2}}},"fnMap":{"0":{"name":"(anonymous_0)","decl":{"start":{"line":15,"column":14},"end":{"line":15,"column":15}},"loc":{"start":{"line":15,"column":23},"end":{"line":40,"column":1}},"line":15},"1":{"name":"(anonymous_1)","decl":{"start":{"line":34,"column":26},"end":{"line":34,"column":27}},"loc":{"start":{"line":34,"column":31},"end":{"line":34,"column":46}},"line":34},"2":{"name":"(anonymous_2)","decl":{"start":{"line":47,"column":14},"end":{"line":47,"column":15}},"loc":{"start":{"line":47,"column":20},"end":{"line":47,"column":22}},"line":47}},"branchMap":{},"s":{"0":3,"1":2,"2":2,"3":1,"4":3,"5":3},"f":{"0":2,"1":1,"2":0},"b":{},"_coverageSchema":"43e27e138ebf9cfc5966b082cf9a028302ed4184","hash":"8541253406797817e6d0f362e3069dc340c05764"}
,"/home/gwl/SAMANDAR/react-training/src/Component/Shared/Input/index.jsx": {"path":"/home/gwl/SAMANDAR/react-training/src/Component/Shared/Input/index.jsx","statementMap":{},"fnMap":{},"branchMap":{},"s":{},"f":{},"b":{},"_coverageSchema":"43e27e138ebf9cfc5966b082cf9a028302ed4184","hash":"db8b61dcb910872e8d07c6fdfbe9f8a7168321f8"}
,"/home/gwl/SAMANDAR/react-training/src/Component/Shared/Link/Link.jsx": {"path":"/home/gwl/SAMANDAR/react-training/src/Component/Shared/Link/Link.jsx","statementMap":{"0":{"start":{"line":8,"column":13},"end":{"line":11,"column":1}},"1":{"start":{"line":9,"column":25},"end":{"line":9,"column":30}},"2":{"start":{"line":10,"column":4},"end":{"line":10,"column":40}},"3":{"start":{"line":12,"column":0},"end":{"line":14,"column":1}}},"fnMap":{"0":{"name":"(anonymous_0)","decl":{"start":{"line":8,"column":13},"end":{"line":8,"column":14}},"loc":{"start":{"line":8,"column":22},"end":{"line":11,"column":1}},"line":8}},"branchMap":{},"s":{"0":3,"1":55,"2":55,"3":3},"f":{"0":55},"b":{},"_coverageSchema":"43e27e138ebf9cfc5966b082cf9a028302ed4184","hash":"2dee12bd103612dfe763a6ad11fc7f6ef948e1f1"}
,"/home/gwl/SAMANDAR/react-training/src/Component/Shared/Link/index.jsx": {"path":"/home/gwl/SAMANDAR/react-training/src/Component/Shared/Link/index.jsx","statementMap":{},"fnMap":{},"branchMap":{},"s":{},"f":{},"b":{},"_coverageSchema":"43e27e138ebf9cfc5966b082cf9a028302ed4184","hash":"5a5dd7192ba77596ad5f2821c5fee4294818df65"}
,"/home/gwl/SAMANDAR/react-training/src/Component/Shared/Text/Text.jsx": {"path":"/home/gwl/SAMANDAR/react-training/src/Component/Shared/Text/Text.jsx","statementMap":{"0":{"start":{"line":8,"column":13},"end":{"line":11,"column":1}},"1":{"start":{"line":9,"column":21},"end":{"line":9,"column":26}},"2":{"start":{"line":10,"column":4},"end":{"line":10,"column":32}},"3":{"start":{"line":12,"column":0},"end":{"line":14,"column":1}}},"fnMap":{"0":{"name":"(anonymous_0)","decl":{"start":{"line":8,"column":13},"end":{"line":8,"column":14}},"loc":{"start":{"line":8,"column":22},"end":{"line":11,"column":1}},"line":8}},"branchMap":{},"s":{"0":6,"1":19,"2":19,"3":6},"f":{"0":19},"b":{},"_coverageSchema":"43e27e138ebf9cfc5966b082cf9a028302ed4184","hash":"3d2c8d1f705c96b372f6effeccafc8d0e9b78e47"}
,"/home/gwl/SAMANDAR/react-training/src/Component/Shared/Text/index.jsx": {"path":"/home/gwl/SAMANDAR/react-training/src/Component/Shared/Text/index.jsx","statementMap":{},"fnMap":{},"branchMap":{},"s":{},"f":{},"b":{},"_coverageSchema":"43e27e138ebf9cfc5966b082cf9a028302ed4184","hash":"23ee1f79af30b61f3d15be7efe1838440e83d166"}
,"/home/gwl/SAMANDAR/react-training/src/Component/ToDo/ToDo.jsx": {"path":"/home/gwl/SAMANDAR/react-training/src/Component/ToDo/ToDo.jsx","statementMap":{"0":{"start":{"line":11,"column":8},"end":{"line":11,"column":21}},"1":{"start":{"line":12,"column":8},"end":{"line":19,"column":9}},"2":{"start":{"line":21,"column":19},"end":{"line":25,"column":5}},"3":{"start":{"line":22,"column":8},"end":{"line":24,"column":11}},"4":{"start":{"line":26,"column":14},"end":{"line":66,"column":5}},"5":{"start":{"line":27,"column":8},"end":{"line":27,"column":27}},"6":{"start":{"line":28,"column":28},"end":{"line":28,"column":57}},"7":{"start":{"line":29,"column":8},"end":{"line":65,"column":9}},"8":{"start":{"line":31,"column":12},"end":{"line":35,"column":13}},"9":{"start":{"line":31,"column":22},"end":{"line":31,"column":23}},"10":{"start":{"line":32,"column":16},"end":{"line":34,"column":17}},"11":{"start":{"line":33,"column":20},"end":{"line":33,"column":60}},"12":{"start":{"line":36,"column":12},"end":{"line":45,"column":14}},"13":{"start":{"line":39,"column":25},"end":{"line":44,"column":17}},"14":{"start":{"line":48,"column":12},"end":{"line":54,"column":14}},"15":{"start":{"line":55,"column":12},"end":{"line":64,"column":14}},"16":{"start":{"line":58,"column":24},"end":{"line":63,"column":17}},"17":{"start":{"line":68,"column":20},"end":{"line":73,"column":5}},"18":{"start":{"line":69,"column":8},"end":{"line":72,"column":10}},"19":{"start":{"line":75,"column":8},"end":{"line":102,"column":10}},"20":{"start":{"line":78,"column":40},"end":{"line":78,"column":73}},"21":{"start":{"line":99,"column":40},"end":{"line":99,"column":74}}},"fnMap":{"0":{"name":"(anonymous_0)","decl":{"start":{"line":10,"column":4},"end":{"line":10,"column":5}},"loc":{"start":{"line":10,"column":22},"end":{"line":20,"column":5}},"line":10},"1":{"name":"(anonymous_1)","decl":{"start":{"line":21,"column":19},"end":{"line":21,"column":20}},"loc":{"start":{"line":21,"column":24},"end":{"line":25,"column":5}},"line":21},"2":{"name":"(anonymous_2)","decl":{"start":{"line":26,"column":14},"end":{"line":26,"column":15}},"loc":{"start":{"line":26,"column":27},"end":{"line":66,"column":5}},"line":26},"3":{"name":"(anonymous_3)","decl":{"start":{"line":39,"column":18},"end":{"line":39,"column":19}},"loc":{"start":{"line":39,"column":25},"end":{"line":44,"column":17}},"line":39},"4":{"name":"(anonymous_4)","decl":{"start":{"line":58,"column":18},"end":{"line":58,"column":19}},"loc":{"start":{"line":58,"column":24},"end":{"line":63,"column":17}},"line":58},"5":{"name":"(anonymous_5)","decl":{"start":{"line":68,"column":20},"end":{"line":68,"column":21}},"loc":{"start":{"line":68,"column":34},"end":{"line":73,"column":5}},"line":68},"6":{"name":"(anonymous_6)","decl":{"start":{"line":74,"column":4},"end":{"line":74,"column":5}},"loc":{"start":{"line":74,"column":14},"end":{"line":103,"column":5}},"line":74},"7":{"name":"(anonymous_7)","decl":{"start":{"line":78,"column":36},"end":{"line":78,"column":37}},"loc":{"start":{"line":78,"column":40},"end":{"line":78,"column":73}},"line":78},"8":{"name":"(anonymous_8)","decl":{"start":{"line":99,"column":33},"end":{"line":99,"column":34}},"loc":{"start":{"line":99,"column":40},"end":{"line":99,"column":74}},"line":99}},"branchMap":{"0":{"loc":{"start":{"line":29,"column":8},"end":{"line":65,"column":9}},"type":"if","locations":[{"start":{"line":29,"column":8},"end":{"line":65,"column":9}},{"start":{"line":29,"column":8},"end":{"line":65,"column":9}}],"line":29},"1":{"loc":{"start":{"line":32,"column":16},"end":{"line":34,"column":17}},"type":"if","locations":[{"start":{"line":32,"column":16},"end":{"line":34,"column":17}},{"start":{"line":32,"column":16},"end":{"line":34,"column":17}}],"line":32}},"s":{"0":1,"1":1,"2":1,"3":0,"4":1,"5":0,"6":0,"7":0,"8":0,"9":0,"10":0,"11":0,"12":0,"13":0,"14":0,"15":0,"16":0,"17":1,"18":0,"19":1,"20":0,"21":0},"f":{"0":1,"1":0,"2":0,"3":0,"4":0,"5":0,"6":1,"7":0,"8":0},"b":{"0":[0,0],"1":[0,0]},"_coverageSchema":"43e27e138ebf9cfc5966b082cf9a028302ed4184","hash":"890f3bd10328571585780732f6cdfa66c10caf28"}
,"/home/gwl/SAMANDAR/react-training/src/Component/ToDo/index.jsx": {"path":"/home/gwl/SAMANDAR/react-training/src/Component/ToDo/index.jsx","statementMap":{},"fnMap":{},"branchMap":{},"s":{},"f":{},"b":{},"hash":"54ea3197e716e1aa7125ee778075cbfbd21581b9"}
,"/home/gwl/SAMANDAR/react-training/src/Component/ToDo/CompleteToDoStatus/CompleteToDoStatus.jsx": {"path":"/home/gwl/SAMANDAR/react-training/src/Component/ToDo/CompleteToDoStatus/CompleteToDoStatus.jsx","statementMap":{"0":{"start":{"line":11,"column":27},"end":{"line":27,"column":1}},"1":{"start":{"line":16,"column":8},"end":{"line":16,"column":13}},"2":{"start":{"line":17,"column":4},"end":{"line":26,"column":6}},"3":{"start":{"line":28,"column":0},"end":{"line":32,"column":1}},"4":{"start":{"line":33,"column":0},"end":{"line":37,"column":1}}},"fnMap":{"0":{"name":"(anonymous_0)","decl":{"start":{"line":11,"column":27},"end":{"line":11,"column":28}},"loc":{"start":{"line":11,"column":36},"end":{"line":27,"column":1}},"line":11},"1":{"name":"(anonymous_1)","decl":{"start":{"line":30,"column":19},"end":{"line":30,"column":20}},"loc":{"start":{"line":30,"column":25},"end":{"line":30,"column":27}},"line":30}},"branchMap":{"0":{"loc":{"start":{"line":20,"column":24},"end":{"line":20,"column":70}},"type":"cond-expr","locations":[{"start":{"line":20,"column":45},"end":{"line":20,"column":56}},{"start":{"line":20,"column":57},"end":{"line":20,"column":70}}],"line":20},"1":{"loc":{"start":{"line":21,"column":25},"end":{"line":21,"column":80}},"type":"cond-expr","locations":[{"start":{"line":21,"column":46},"end":{"line":21,"column":65}},{"start":{"line":21,"column":66},"end":{"line":21,"column":80}}],"line":21},"2":{"loc":{"start":{"line":24,"column":20},"end":{"line":24,"column":51}},"type":"cond-expr","locations":[{"start":{"line":24,"column":41},"end":{"line":24,"column":45}},{"start":{"line":24,"column":46},"end":{"line":24,"column":51}}],"line":24}},"s":{"0":3,"1":7,"2":7,"3":3,"4":3},"f":{"0":7,"1":0},"b":{"0":[1,6],"1":[1,6],"2":[1,6]},"_coverageSchema":"43e27e138ebf9cfc5966b082cf9a028302ed4184","hash":"9569d84d7919ccfbd55fc992763b2f5b06970029"}
,"/home/gwl/SAMANDAR/react-training/src/Component/ToDo/CompleteToDoStatus/index.jsx": {"path":"/home/gwl/SAMANDAR/react-training/src/Component/ToDo/CompleteToDoStatus/index.jsx","statementMap":{},"fnMap":{},"branchMap":{},"s":{},"f":{},"b":{},"_coverageSchema":"43e27e138ebf9cfc5966b082cf9a028302ed4184","hash":"7261bd3e08301ff3f2e8f700b1eeecd82f8fbb08"}
,"/home/gwl/SAMANDAR/react-training/src/Component/ToDo/ToDoAction/ToDoAction.jsx": {"path":"/home/gwl/SAMANDAR/react-training/src/Component/ToDo/ToDoAction/ToDoAction.jsx","statementMap":{"0":{"start":{"line":11,"column":19},"end":{"line":35,"column":1}},"1":{"start":{"line":16,"column":8},"end":{"line":16,"column":13}},"2":{"start":{"line":17,"column":4},"end":{"line":34,"column":6}},"3":{"start":{"line":36,"column":0},"end":{"line":40,"column":1}},"4":{"start":{"line":41,"column":0},"end":{"line":45,"column":1}}},"fnMap":{"0":{"name":"(anonymous_0)","decl":{"start":{"line":11,"column":19},"end":{"line":11,"column":20}},"loc":{"start":{"line":11,"column":28},"end":{"line":35,"column":1}},"line":11},"1":{"name":"(anonymous_1)","decl":{"start":{"line":37,"column":35},"end":{"line":37,"column":36}},"loc":{"start":{"line":37,"column":41},"end":{"line":37,"column":43}},"line":37},"2":{"name":"(anonymous_2)","decl":{"start":{"line":38,"column":35},"end":{"line":38,"column":36}},"loc":{"start":{"line":38,"column":41},"end":{"line":38,"column":43}},"line":38}},"branchMap":{},"s":{"0":4,"1":8,"2":8,"3":4,"4":4},"f":{"0":8,"1":0,"2":0},"b":{},"_coverageSchema":"43e27e138ebf9cfc5966b082cf9a028302ed4184","hash":"a989b35b963e87b90da48021bc86217f6a3f8c07"}
,"/home/gwl/SAMANDAR/react-training/src/Component/ToDo/ToDoAction/index.jsx": {"path":"/home/gwl/SAMANDAR/react-training/src/Component/ToDo/ToDoAction/index.jsx","statementMap":{},"fnMap":{},"branchMap":{},"s":{},"f":{},"b":{},"_coverageSchema":"43e27e138ebf9cfc5966b082cf9a028302ed4184","hash":"617d2ed5da34c1115d75ebcb00b408760d95e422"}
,"/home/gwl/SAMANDAR/react-training/src/Component/ToDo/ToDoElements/ToDoElements.jsx": {"path":"/home/gwl/SAMANDAR/react-training/src/Component/ToDo/ToDoElements/ToDoElements.jsx","statementMap":{"0":{"start":{"line":19,"column":21},"end":{"line":56,"column":1}},"1":{"start":{"line":29,"column":8},"end":{"line":29,"column":13}},"2":{"start":{"line":30,"column":4},"end":{"line":55,"column":6}},"3":{"start":{"line":57,"column":0},"end":{"line":66,"column":1}},"4":{"start":{"line":67,"column":0},"end":{"line":76,"column":1}}},"fnMap":{"0":{"name":"(anonymous_0)","decl":{"start":{"line":19,"column":21},"end":{"line":19,"column":22}},"loc":{"start":{"line":19,"column":30},"end":{"line":56,"column":1}},"line":19},"1":{"name":"(anonymous_1)","decl":{"start":{"line":62,"column":22},"end":{"line":62,"column":23}},"loc":{"start":{"line":62,"column":28},"end":{"line":62,"column":30}},"line":62},"2":{"name":"(anonymous_2)","decl":{"start":{"line":63,"column":30},"end":{"line":63,"column":31}},"loc":{"start":{"line":63,"column":36},"end":{"line":63,"column":38}},"line":63},"3":{"name":"(anonymous_3)","decl":{"start":{"line":64,"column":16},"end":{"line":64,"column":17}},"loc":{"start":{"line":64,"column":22},"end":{"line":64,"column":24}},"line":64},"4":{"name":"(anonymous_4)","decl":{"start":{"line":65,"column":16},"end":{"line":65,"column":17}},"loc":{"start":{"line":65,"column":22},"end":{"line":65,"column":24}},"line":65}},"branchMap":{},"s":{"0":3,"1":7,"2":7,"3":3,"4":3},"f":{"0":7,"1":0,"2":0,"3":0,"4":0},"b":{},"_coverageSchema":"43e27e138ebf9cfc5966b082cf9a028302ed4184","hash":"57e450f44392aace345fd54925918c9f2d44df64"}
,"/home/gwl/SAMANDAR/react-training/src/Component/ToDo/ToDoElements/index.jsx": {"path":"/home/gwl/SAMANDAR/react-training/src/Component/ToDo/ToDoElements/index.jsx","statementMap":{},"fnMap":{},"branchMap":{},"s":{},"f":{},"b":{},"_coverageSchema":"43e27e138ebf9cfc5966b082cf9a028302ed4184","hash":"47c4fe6e86039f93f5f63daab752370d6b29e2f7"}
,"/home/gwl/SAMANDAR/react-training/src/Component/ToDo/ToDoFilter/ToDoFilter.jsx": {"path":"/home/gwl/SAMANDAR/react-training/src/Component/ToDo/ToDoFilter/ToDoFilter.jsx","statementMap":{"0":{"start":{"line":11,"column":19},"end":{"line":46,"column":1}},"1":{"start":{"line":12,"column":41},"end":{"line":12,"column":46}},"2":{"start":{"line":13,"column":4},"end":{"line":45,"column":6}},"3":{"start":{"line":48,"column":0},"end":{"line":51,"column":4}},"4":{"start":{"line":52,"column":0},"end":{"line":55,"column":1}}},"fnMap":{"0":{"name":"(anonymous_0)","decl":{"start":{"line":11,"column":19},"end":{"line":11,"column":20}},"loc":{"start":{"line":11,"column":28},"end":{"line":46,"column":1}},"line":11},"1":{"name":"(anonymous_1)","decl":{"start":{"line":49,"column":19},"end":{"line":49,"column":20}},"loc":{"start":{"line":49,"column":25},"end":{"line":49,"column":27}},"line":49}},"branchMap":{"0":{"loc":{"start":{"line":18,"column":30},"end":{"line":18,"column":83}},"type":"cond-expr","locations":[{"start":{"line":18,"column":49},"end":{"line":18,"column":68}},{"start":{"line":18,"column":69},"end":{"line":18,"column":83}}],"line":18},"1":{"loc":{"start":{"line":21,"column":25},"end":{"line":21,"column":56}},"type":"cond-expr","locations":[{"start":{"line":21,"column":44},"end":{"line":21,"column":48}},{"start":{"line":21,"column":51},"end":{"line":21,"column":56}}],"line":21},"2":{"loc":{"start":{"line":22,"column":27},"end":{"line":22,"column":58}},"type":"cond-expr","locations":[{"start":{"line":22,"column":46},"end":{"line":22,"column":50}},{"start":{"line":22,"column":53},"end":{"line":22,"column":58}}],"line":22},"3":{"loc":{"start":{"line":28,"column":30},"end":{"line":28,"column":83}},"type":"cond-expr","locations":[{"start":{"line":28,"column":49},"end":{"line":28,"column":68}},{"start":{"line":28,"column":69},"end":{"line":28,"column":83}}],"line":28},"4":{"loc":{"start":{"line":31,"column":25},"end":{"line":31,"column":56}},"type":"cond-expr","locations":[{"start":{"line":31,"column":44},"end":{"line":31,"column":48}},{"start":{"line":31,"column":51},"end":{"line":31,"column":56}}],"line":31},"5":{"loc":{"start":{"line":32,"column":27},"end":{"line":32,"column":58}},"type":"cond-expr","locations":[{"start":{"line":32,"column":46},"end":{"line":32,"column":50}},{"start":{"line":32,"column":53},"end":{"line":32,"column":58}}],"line":32},"6":{"loc":{"start":{"line":38,"column":30},"end":{"line":38,"column":83}},"type":"cond-expr","locations":[{"start":{"line":38,"column":49},"end":{"line":38,"column":68}},{"start":{"line":38,"column":69},"end":{"line":38,"column":83}}],"line":38},"7":{"loc":{"start":{"line":41,"column":25},"end":{"line":41,"column":56}},"type":"cond-expr","locations":[{"start":{"line":41,"column":44},"end":{"line":41,"column":48}},{"start":{"line":41,"column":51},"end":{"line":41,"column":56}}],"line":41},"8":{"loc":{"start":{"line":42,"column":27},"end":{"line":42,"column":58}},"type":"cond-expr","locations":[{"start":{"line":42,"column":46},"end":{"line":42,"column":50}},{"start":{"line":42,"column":53},"end":{"line":42,"column":58}}],"line":42}},"s":{"0":4,"1":11,"2":11,"3":4,"4":4},"f":{"0":11,"1":0},"b":{"0":[9,2],"1":[9,2],"2":[9,2],"3":[1,10],"4":[1,10],"5":[1,10],"6":[1,10],"7":[1,10],"8":[1,10]},"_coverageSchema":"43e27e138ebf9cfc5966b082cf9a028302ed4184","hash":"0844f53e13b23066db4aa0741ca9f3a0dc60a845"}
,"/home/gwl/SAMANDAR/react-training/src/Component/ToDo/ToDoFilter/index.jsx": {"path":"/home/gwl/SAMANDAR/react-training/src/Component/ToDo/ToDoFilter/index.jsx","statementMap":{},"fnMap":{},"branchMap":{},"s":{},"f":{},"b":{},"_coverageSchema":"43e27e138ebf9cfc5966b082cf9a028302ed4184","hash":"85ded1522d3d3fe3087a8592ae3bf71ed7427fae"}
,"/home/gwl/SAMANDAR/react-training/src/Component/ToDo/ToDoList/ToDoList.jsx": {"path":"/home/gwl/SAMANDAR/react-training/src/Component/ToDo/ToDoList/ToDoList.jsx","statementMap":{"0":{"start":{"line":12,"column":8},"end":{"line":12,"column":21}},"1":{"start":{"line":13,"column":8},"end":{"line":17,"column":9}},"2":{"start":{"line":20,"column":8},"end":{"line":20,"column":30}},"3":{"start":{"line":24,"column":8},"end":{"line":30,"column":9}},"4":{"start":{"line":25,"column":12},"end":{"line":29,"column":15}},"5":{"start":{"line":28,"column":16},"end":{"line":28,"column":38}},"6":{"start":{"line":33,"column":17},"end":{"line":35,"column":5}},"7":{"start":{"line":34,"column":8},"end":{"line":34,"column":42}},"8":{"start":{"line":37,"column":17},"end":{"line":45,"column":5}},"9":{"start":{"line":38,"column":8},"end":{"line":38,"column":26}},"10":{"start":{"line":40,"column":36},"end":{"line":40,"column":46}},"11":{"start":{"line":41,"column":29},"end":{"line":43,"column":10}},"12":{"start":{"line":42,"column":12},"end":{"line":42,"column":38}},"13":{"start":{"line":44,"column":8},"end":{"line":44,"column":34}},"14":{"start":{"line":47,"column":23},"end":{"line":60,"column":5}},"15":{"start":{"line":49,"column":31},"end":{"line":49,"column":52}},"16":{"start":{"line":50,"column":8},"end":{"line":54,"column":9}},"17":{"start":{"line":50,"column":20},"end":{"line":50,"column":21}},"18":{"start":{"line":51,"column":12},"end":{"line":53,"column":13}},"19":{"start":{"line":52,"column":16},"end":{"line":52,"column":53}},"20":{"start":{"line":55,"column":8},"end":{"line":59,"column":11}},"21":{"start":{"line":58,"column":12},"end":{"line":58,"column":34}},"22":{"start":{"line":62,"column":31},"end":{"line":72,"column":5}},"23":{"start":{"line":63,"column":34},"end":{"line":63,"column":55}},"24":{"start":{"line":64,"column":8},"end":{"line":68,"column":9}},"25":{"start":{"line":64,"column":20},"end":{"line":64,"column":21}},"26":{"start":{"line":65,"column":12},"end":{"line":67,"column":13}},"27":{"start":{"line":66,"column":16},"end":{"line":66,"column":61}},"28":{"start":{"line":69,"column":8},"end":{"line":71,"column":11}},"29":{"start":{"line":74,"column":17},"end":{"line":95,"column":5}},"30":{"start":{"line":75,"column":27},"end":{"line":75,"column":48}},"31":{"start":{"line":76,"column":25},"end":{"line":76,"column":27}},"32":{"start":{"line":77,"column":8},"end":{"line":90,"column":9}},"33":{"start":{"line":79,"column":12},"end":{"line":79,"column":38}},"34":{"start":{"line":80,"column":15},"end":{"line":90,"column":9}},"35":{"start":{"line":82,"column":12},"end":{"line":84,"column":15}},"36":{"start":{"line":83,"column":16},"end":{"line":83,"column":45}},"37":{"start":{"line":85,"column":15},"end":{"line":90,"column":9}},"38":{"start":{"line":87,"column":12},"end":{"line":89,"column":15}},"39":{"start":{"line":88,"column":16},"end":{"line":88,"column":50}},"40":{"start":{"line":91,"column":8},"end":{"line":94,"column":11}},"41":{"start":{"line":97,"column":40},"end":{"line":97,"column":50}},"42":{"start":{"line":98,"column":8},"end":{"line":132,"column":10}},"43":{"start":{"line":114,"column":28},"end":{"line":126,"column":30}},"44":{"start":{"line":123,"column":48},"end":{"line":123,"column":74}},"45":{"start":{"line":135,"column":0},"end":{"line":139,"column":1}},"46":{"start":{"line":140,"column":0},"end":{"line":144,"column":1}}},"fnMap":{"0":{"name":"(anonymous_0)","decl":{"start":{"line":11,"column":4},"end":{"line":11,"column":5}},"loc":{"start":{"line":11,"column":22},"end":{"line":18,"column":5}},"line":11},"1":{"name":"(anonymous_1)","decl":{"start":{"line":19,"column":4},"end":{"line":19,"column":5}},"loc":{"start":{"line":19,"column":23},"end":{"line":21,"column":5}},"line":19},"2":{"name":"(anonymous_2)","decl":{"start":{"line":23,"column":4},"end":{"line":23,"column":5}},"loc":{"start":{"line":23,"column":45},"end":{"line":31,"column":5}},"line":23},"3":{"name":"(anonymous_3)","decl":{"start":{"line":27,"column":14},"end":{"line":27,"column":15}},"loc":{"start":{"line":27,"column":18},"end":{"line":29,"column":13}},"line":27},"4":{"name":"(anonymous_4)","decl":{"start":{"line":33,"column":17},"end":{"line":33,"column":18}},"loc":{"start":{"line":33,"column":31},"end":{"line":35,"column":5}},"line":33},"5":{"name":"(anonymous_5)","decl":{"start":{"line":37,"column":17},"end":{"line":37,"column":18}},"loc":{"start":{"line":37,"column":26},"end":{"line":45,"column":5}},"line":37},"6":{"name":"(anonymous_6)","decl":{"start":{"line":41,"column":42},"end":{"line":41,"column":43}},"loc":{"start":{"line":41,"column":50},"end":{"line":43,"column":9}},"line":41},"7":{"name":"(anonymous_7)","decl":{"start":{"line":47,"column":23},"end":{"line":47,"column":24}},"loc":{"start":{"line":47,"column":45},"end":{"line":60,"column":5}},"line":47},"8":{"name":"(anonymous_8)","decl":{"start":{"line":57,"column":10},"end":{"line":57,"column":11}},"loc":{"start":{"line":57,"column":16},"end":{"line":59,"column":9}},"line":57},"9":{"name":"(anonymous_9)","decl":{"start":{"line":62,"column":31},"end":{"line":62,"column":32}},"loc":{"start":{"line":62,"column":53},"end":{"line":72,"column":5}},"line":62},"10":{"name":"(anonymous_10)","decl":{"start":{"line":74,"column":17},"end":{"line":74,"column":18}},"loc":{"start":{"line":74,"column":32},"end":{"line":95,"column":5}},"line":74},"11":{"name":"(anonymous_11)","decl":{"start":{"line":82,"column":47},"end":{"line":82,"column":48}},"loc":{"start":{"line":82,"column":61},"end":{"line":84,"column":13}},"line":82},"12":{"name":"(anonymous_12)","decl":{"start":{"line":87,"column":49},"end":{"line":87,"column":50}},"loc":{"start":{"line":87,"column":63},"end":{"line":89,"column":13}},"line":87},"13":{"name":"(anonymous_13)","decl":{"start":{"line":96,"column":4},"end":{"line":96,"column":5}},"loc":{"start":{"line":96,"column":14},"end":{"line":133,"column":5}},"line":96},"14":{"name":"(anonymous_14)","decl":{"start":{"line":113,"column":38},"end":{"line":113,"column":39}},"loc":{"start":{"line":113,"column":56},"end":{"line":127,"column":25}},"line":113},"15":{"name":"(anonymous_15)","decl":{"start":{"line":123,"column":44},"end":{"line":123,"column":45}},"loc":{"start":{"line":123,"column":48},"end":{"line":123,"column":74}},"line":123},"16":{"name":"(anonymous_16)","decl":{"start":{"line":136,"column":17},"end":{"line":136,"column":18}},"loc":{"start":{"line":136,"column":23},"end":{"line":136,"column":25}},"line":136},"17":{"name":"(anonymous_17)","decl":{"start":{"line":138,"column":19},"end":{"line":138,"column":20}},"loc":{"start":{"line":138,"column":25},"end":{"line":138,"column":27}},"line":138}},"branchMap":{"0":{"loc":{"start":{"line":24,"column":8},"end":{"line":30,"column":9}},"type":"if","locations":[{"start":{"line":24,"column":8},"end":{"line":30,"column":9}},{"start":{"line":24,"column":8},"end":{"line":30,"column":9}}],"line":24},"1":{"loc":{"start":{"line":51,"column":12},"end":{"line":53,"column":13}},"type":"if","locations":[{"start":{"line":51,"column":12},"end":{"line":53,"column":13}},{"start":{"line":51,"column":12},"end":{"line":53,"column":13}}],"line":51},"2":{"loc":{"start":{"line":65,"column":12},"end":{"line":67,"column":13}},"type":"if","locations":[{"start":{"line":65,"column":12},"end":{"line":67,"column":13}},{"start":{"line":65,"column":12},"end":{"line":67,"column":13}}],"line":65},"3":{"loc":{"start":{"line":77,"column":8},"end":{"line":90,"column":9}},"type":"if","locations":[{"start":{"line":77,"column":8},"end":{"line":90,"column":9}},{"start":{"line":77,"column":8},"end":{"line":90,"column":9}}],"line":77},"4":{"loc":{"start":{"line":80,"column":15},"end":{"line":90,"column":9}},"type":"if","locations":[{"start":{"line":80,"column":15},"end":{"line":90,"column":9}},{"start":{"line":80,"column":15},"end":{"line":90,"column":9}}],"line":80},"5":{"loc":{"start":{"line":85,"column":15},"end":{"line":90,"column":9}},"type":"if","locations":[{"start":{"line":85,"column":15},"end":{"line":90,"column":9}},{"start":{"line":85,"column":15},"end":{"line":90,"column":9}}],"line":85}},"s":{"0":2,"1":2,"2":2,"3":8,"4":0,"5":0,"6":2,"7":0,"8":2,"9":0,"10":0,"11":0,"12":0,"13":0,"14":2,"15":1,"16":1,"17":1,"18":1,"19":1,"20":1,"21":1,"22":2,"23":1,"24":1,"25":1,"26":1,"27":1,"28":1,"29":2,"30":6,"31":6,"32":6,"33":4,"34":2,"35":1,"36":1,"37":1,"38":1,"39":1,"40":6,"41":10,"42":10,"43":7,"44":0,"45":3,"46":3},"f":{"0":2,"1":2,"2":8,"3":0,"4":0,"5":0,"6":0,"7":1,"8":1,"9":1,"10":6,"11":1,"12":1,"13":10,"14":7,"15":0,"16":0,"17":0},"b":{"0":[0,8],"1":[1,0],"2":[1,0],"3":[4,2],"4":[1,1],"5":[1,0]},"_coverageSchema":"43e27e138ebf9cfc5966b082cf9a028302ed4184","hash":"e5e6cbfc76894efeb0c9d57729d609117bbb74be"}
,"/home/gwl/SAMANDAR/react-training/src/Component/ToDo/ToDoList/index.jsx": {"path":"/home/gwl/SAMANDAR/react-training/src/Component/ToDo/ToDoList/index.jsx","statementMap":{},"fnMap":{},"branchMap":{},"s":{},"f":{},"b":{},"hash":"7402a1e8f899e2a1961a3e479e93139124dc08f8"}
,"/home/gwl/SAMANDAR/react-training/src/Component/ToDo/ToDoStatus/ToDoStatus.jsx": {"path":"/home/gwl/SAMANDAR/react-training/src/Component/ToDo/ToDoStatus/ToDoStatus.jsx","statementMap":{"0":{"start":{"line":11,"column":19},"end":{"line":27,"column":1}},"1":{"start":{"line":16,"column":8},"end":{"line":16,"column":13}},"2":{"start":{"line":17,"column":4},"end":{"line":26,"column":6}},"3":{"start":{"line":28,"column":0},"end":{"line":32,"column":1}},"4":{"start":{"line":33,"column":0},"end":{"line":37,"column":1}}},"fnMap":{"0":{"name":"(anonymous_0)","decl":{"start":{"line":11,"column":19},"end":{"line":11,"column":20}},"loc":{"start":{"line":11,"column":28},"end":{"line":27,"column":1}},"line":11},"1":{"name":"(anonymous_1)","decl":{"start":{"line":30,"column":19},"end":{"line":30,"column":20}},"loc":{"start":{"line":30,"column":25},"end":{"line":30,"column":27}},"line":30}},"branchMap":{"0":{"loc":{"start":{"line":20,"column":24},"end":{"line":20,"column":55}},"type":"cond-expr","locations":[{"start":{"line":20,"column":37},"end":{"line":20,"column":45}},{"start":{"line":20,"column":46},"end":{"line":20,"column":55}}],"line":20},"1":{"loc":{"start":{"line":21,"column":25},"end":{"line":21,"column":68}},"type":"cond-expr","locations":[{"start":{"line":21,"column":38},"end":{"line":21,"column":52}},{"start":{"line":21,"column":53},"end":{"line":21,"column":68}}],"line":21},"2":{"loc":{"start":{"line":24,"column":20},"end":{"line":24,"column":43}},"type":"cond-expr","locations":[{"start":{"line":24,"column":33},"end":{"line":24,"column":37}},{"start":{"line":24,"column":38},"end":{"line":24,"column":43}}],"line":24}},"s":{"0":3,"1":7,"2":7,"3":3,"4":3},"f":{"0":7,"1":0},"b":{"0":[4,3],"1":[4,3],"2":[4,3]},"_coverageSchema":"43e27e138ebf9cfc5966b082cf9a028302ed4184","hash":"bdc51329f7035a990c275cd9f19a02e79d73ad5a"}
,"/home/gwl/SAMANDAR/react-training/src/Component/ToDo/ToDoStatus/index.jsx": {"path":"/home/gwl/SAMANDAR/react-training/src/Component/ToDo/ToDoStatus/index.jsx","statementMap":{},"fnMap":{},"branchMap":{},"s":{},"f":{},"b":{},"_coverageSchema":"43e27e138ebf9cfc5966b082cf9a028302ed4184","hash":"c0c4725bd95ad13a21dc2a115564cab5835ae539"}
}
