TN:
SF:/home/gwl/SAMANDAR/react-training/src/App.js
FN:5,(anonymous_0)
FNF:1
FNH:1
FNDA:1,(anonymous_0)
DA:5,1
DA:6,1
LF:2
LH:2
BRF:0
BRH:0
end_of_record
TN:
SF:/home/gwl/SAMANDAR/react-training/src/FooterData.jsx
FNF:0
FNH:0
DA:3,3
DA:51,3
LF:2
LH:2
BRF:0
BRH:0
end_of_record
TN:
SF:/home/gwl/SAMANDAR/react-training/src/index.js
FNF:0
FNH:0
DA:7,0
DA:12,0
LF:2
LH:0
BRF:0
BRH:0
end_of_record
TN:
SF:/home/gwl/SAMANDAR/react-training/src/serviceWorker.js
FN:23,register
FN:34,(anonymous_1)
FN:43,(anonymous_2)
FN:57,registerValidSW
FN:60,(anonymous_4)
FN:61,(anonymous_5)
FN:66,(anonymous_6)
FN:96,(anonymous_7)
FN:101,checkValidServiceWorker
FN:104,(anonymous_9)
FN:112,(anonymous_10)
FN:113,(anonymous_11)
FN:122,(anonymous_12)
FN:129,unregister
FN:131,(anonymous_14)
FNF:15
FNH:0
FNDA:0,register
FNDA:0,(anonymous_1)
FNDA:0,(anonymous_2)
FNDA:0,registerValidSW
FNDA:0,(anonymous_4)
FNDA:0,(anonymous_5)
FNDA:0,(anonymous_6)
FNDA:0,(anonymous_7)
FNDA:0,checkValidServiceWorker
FNDA:0,(anonymous_9)
FNDA:0,(anonymous_10)
FNDA:0,(anonymous_11)
FNDA:0,(anonymous_12)
FNDA:0,unregister
FNDA:0,(anonymous_14)
DA:13,0
DA:24,0
DA:26,0
DA:27,0
DA:31,0
DA:34,0
DA:35,0
DA:37,0
DA:39,0
DA:43,0
DA:44,0
DA:51,0
DA:58,0
DA:61,0
DA:62,0
DA:63,0
DA:64,0
DA:66,0
DA:67,0
DA:68,0
DA:72,0
DA:78,0
DA:79,0
DA:85,0
DA:88,0
DA:89,0
DA:97,0
DA:103,0
DA:106,0
DA:107,0
DA:112,0
DA:113,0
DA:114,0
DA:119,0
DA:123,0
DA:130,0
DA:131,0
DA:132,0
LF:38
LH:0
BRDA:14,0,0,0
BRDA:14,0,1,0
BRDA:14,0,2,0
BRDA:24,1,0,0
BRDA:24,1,1,0
BRDA:24,2,0,0
BRDA:24,2,1,0
BRDA:27,3,0,0
BRDA:27,3,1,0
BRDA:37,4,0,0
BRDA:37,4,1,0
BRDA:63,5,0,0
BRDA:63,5,1,0
BRDA:67,6,0,0
BRDA:67,6,1,0
BRDA:68,7,0,0
BRDA:68,7,1,0
BRDA:78,8,0,0
BRDA:78,8,1,0
BRDA:78,9,0,0
BRDA:78,9,1,0
BRDA:88,10,0,0
BRDA:88,10,1,0
BRDA:88,11,0,0
BRDA:88,11,1,0
BRDA:107,12,0,0
BRDA:107,12,1,0
BRDA:108,13,0,0
BRDA:108,13,1,0
BRDA:108,13,2,0
BRDA:130,14,0,0
BRDA:130,14,1,0
BRF:32
BRH:0
end_of_record
TN:
SF:/home/gwl/SAMANDAR/react-training/src/Component/Footer/Footer.jsx
FN:13,(anonymous_0)
FN:17,(anonymous_1)
FNF:2
FNH:2
FNDA:3,(anonymous_0)
FNDA:15,(anonymous_1)
DA:13,2
DA:14,3
DA:18,15
LF:3
LH:3
BRF:0
BRH:0
end_of_record
TN:
SF:/home/gwl/SAMANDAR/react-training/src/Component/Footer/FooterCopyright/FooterCopyright.jsx
FN:10,(anonymous_0)
FN:23,(anonymous_1)
FNF:2
FNH:2
FNDA:3,(anonymous_0)
FNDA:3,(anonymous_1)
DA:10,2
DA:11,3
DA:23,2
DA:24,3
DA:25,3
DA:32,2
LF:6
LH:6
BRF:0
BRH:0
end_of_record
TN:
SF:/home/gwl/SAMANDAR/react-training/src/Component/Footer/FooterCopyright/index.jsx
FNF:0
FNH:0
LF:0
LH:0
BRF:0
BRH:0
end_of_record
TN:
SF:/home/gwl/SAMANDAR/react-training/src/Component/Footer/FooterLink/FooterLink.jsx
FN:12,(anonymous_0)
FN:17,(anonymous_1)
FNF:2
FNH:2
FNDA:15,(anonymous_0)
FNDA:54,(anonymous_1)
DA:12,2
DA:13,15
DA:14,15
DA:18,54
DA:27,2
LF:5
LH:5
BRF:0
BRH:0
end_of_record
TN:
SF:/home/gwl/SAMANDAR/react-training/src/Component/Footer/FooterLink/index.jsx
FNF:0
FNH:0
LF:0
LH:0
BRF:0
BRH:0
end_of_record
TN:
SF:/home/gwl/SAMANDAR/react-training/src/Component/Footer/FooterSocial/FooterSocial.jsx
FN:11,(anonymous_0)
FN:17,(anonymous_1)
FNF:2
FNH:2
FNDA:4,(anonymous_0)
FNDA:20,(anonymous_1)
DA:11,3
DA:12,4
DA:13,4
DA:18,20
DA:30,3
LF:5
LH:5
BRF:0
BRH:0
end_of_record
TN:
SF:/home/gwl/SAMANDAR/react-training/src/Component/Footer/FooterSocial/index.jsx
FNF:0
FNH:0
LF:0
LH:0
BRF:0
BRH:0
end_of_record
TN:
SF:/home/gwl/SAMANDAR/react-training/src/Component/Shared/Button/Button.jsx
FN:15,(anonymous_0)
FN:30,(anonymous_1)
FN:42,(anonymous_2)
FNF:3
FNH:2
FNDA:65,(anonymous_0)
FNDA:9,(anonymous_1)
FNDA:0,(anonymous_2)
DA:15,6
DA:24,65
DA:25,65
DA:30,9
DA:38,6
DA:48,6
LF:6
LH:6
BRF:0
BRH:0
end_of_record
TN:
SF:/home/gwl/SAMANDAR/react-training/src/Component/Shared/Button/index.jsx
FNF:0
FNH:0
LF:0
LH:0
BRF:0
BRH:0
end_of_record
TN:
SF:/home/gwl/SAMANDAR/react-training/src/Component/Shared/Heading/Heading.jsx
FN:10,(anonymous_0)
FNF:1
FNH:1
FNDA:21,(anonymous_0)
DA:10,3
DA:11,21
DA:12,21
DA:14,1
DA:16,1
DA:18,1
DA:20,17
DA:22,1
DA:25,3
DA:29,3
LF:10
LH:10
BRDA:12,0,0,1
BRDA:12,0,1,1
BRDA:12,0,2,1
BRDA:12,0,3,17
BRDA:12,0,4,1
BRF:5
BRH:5
end_of_record
TN:
SF:/home/gwl/SAMANDAR/react-training/src/Component/Shared/Heading/index.jsx
FNF:0
FNH:0
LF:0
LH:0
BRF:0
BRH:0
end_of_record
TN:
SF:/home/gwl/SAMANDAR/react-training/src/Component/Shared/Icons/Icon.jsx
FN:10,(anonymous_0)
FNF:1
FNH:1
FNDA:22,(anonymous_0)
DA:10,4
DA:11,22
DA:12,22
DA:19,4
LF:4
LH:4
BRF:0
BRH:0
end_of_record
TN:
SF:/home/gwl/SAMANDAR/react-training/src/Component/Shared/Icons/index.jsx
FNF:0
FNH:0
LF:0
LH:0
BRF:0
BRH:0
end_of_record
TN:
SF:/home/gwl/SAMANDAR/react-training/src/Component/Shared/Input/Input.jsx
FN:15,(anonymous_0)
FN:34,(anonymous_1)
FN:47,(anonymous_2)
FNF:3
FNH:2
FNDA:2,(anonymous_0)
FNDA:1,(anonymous_1)
FNDA:0,(anonymous_2)
DA:15,3
DA:24,2
DA:25,2
DA:34,1
DA:42,3
DA:52,3
LF:6
LH:6
BRF:0
BRH:0
end_of_record
TN:
SF:/home/gwl/SAMANDAR/react-training/src/Component/Shared/Input/index.jsx
FNF:0
FNH:0
LF:0
LH:0
BRF:0
BRH:0
end_of_record
TN:
SF:/home/gwl/SAMANDAR/react-training/src/Component/Shared/Link/Link.jsx
FN:8,(anonymous_0)
FNF:1
FNH:1
FNDA:55,(anonymous_0)
DA:8,3
DA:9,55
DA:10,55
DA:12,3
LF:4
LH:4
BRF:0
BRH:0
end_of_record
TN:
SF:/home/gwl/SAMANDAR/react-training/src/Component/Shared/Link/index.jsx
FNF:0
FNH:0
LF:0
LH:0
BRF:0
BRH:0
end_of_record
TN:
SF:/home/gwl/SAMANDAR/react-training/src/Component/Shared/Text/Text.jsx
FN:8,(anonymous_0)
FNF:1
FNH:1
FNDA:19,(anonymous_0)
DA:8,6
DA:9,19
DA:10,19
DA:12,6
LF:4
LH:4
BRF:0
BRH:0
end_of_record
TN:
SF:/home/gwl/SAMANDAR/react-training/src/Component/Shared/Text/index.jsx
FNF:0
FNH:0
LF:0
LH:0
BRF:0
BRH:0
end_of_record
TN:
SF:/home/gwl/SAMANDAR/react-training/src/Component/ToDo/ToDo.jsx
FN:10,(anonymous_0)
FN:21,(anonymous_1)
FN:26,(anonymous_2)
FN:39,(anonymous_3)
FN:58,(anonymous_4)
FN:68,(anonymous_5)
FN:74,(anonymous_6)
FN:78,(anonymous_7)
FN:99,(anonymous_8)
FNF:9
FNH:2
FNDA:1,(anonymous_0)
FNDA:0,(anonymous_1)
FNDA:0,(anonymous_2)
FNDA:0,(anonymous_3)
FNDA:0,(anonymous_4)
FNDA:0,(anonymous_5)
FNDA:1,(anonymous_6)
FNDA:0,(anonymous_7)
FNDA:0,(anonymous_8)
DA:11,1
DA:12,1
DA:21,1
DA:22,0
DA:26,1
DA:27,0
DA:28,0
DA:29,0
DA:31,0
DA:32,0
DA:33,0
DA:36,0
DA:39,0
DA:48,0
DA:55,0
DA:58,0
DA:68,1
DA:69,0
DA:75,1
DA:78,0
DA:99,0
LF:21
LH:6
BRDA:29,0,0,0
BRDA:29,0,1,0
BRDA:32,1,0,0
BRDA:32,1,1,0
BRF:4
BRH:0
end_of_record
TN:
SF:/home/gwl/SAMANDAR/react-training/src/Component/ToDo/index.jsx
FNF:0
FNH:0
LF:0
LH:0
BRF:0
BRH:0
end_of_record
TN:
SF:/home/gwl/SAMANDAR/react-training/src/Component/ToDo/CompleteToDoStatus/CompleteToDoStatus.jsx
FN:11,(anonymous_0)
FN:30,(anonymous_1)
FNF:2
FNH:1
FNDA:7,(anonymous_0)
FNDA:0,(anonymous_1)
DA:11,3
DA:16,7
DA:17,7
DA:28,3
DA:33,3
LF:5
LH:5
BRDA:20,0,0,1
BRDA:20,0,1,6
BRDA:21,1,0,1
BRDA:21,1,1,6
BRDA:24,2,0,1
BRDA:24,2,1,6
BRF:6
BRH:6
end_of_record
TN:
SF:/home/gwl/SAMANDAR/react-training/src/Component/ToDo/CompleteToDoStatus/index.jsx
FNF:0
FNH:0
LF:0
LH:0
BRF:0
BRH:0
end_of_record
TN:
SF:/home/gwl/SAMANDAR/react-training/src/Component/ToDo/ToDoAction/ToDoAction.jsx
FN:11,(anonymous_0)
FN:37,(anonymous_1)
FN:38,(anonymous_2)
FNF:3
FNH:1
FNDA:8,(anonymous_0)
FNDA:0,(anonymous_1)
FNDA:0,(anonymous_2)
DA:11,4
DA:16,8
DA:17,8
DA:36,4
DA:41,4
LF:5
LH:5
BRF:0
BRH:0
end_of_record
TN:
SF:/home/gwl/SAMANDAR/react-training/src/Component/ToDo/ToDoAction/index.jsx
FNF:0
FNH:0
LF:0
LH:0
BRF:0
BRH:0
end_of_record
TN:
SF:/home/gwl/SAMANDAR/react-training/src/Component/ToDo/ToDoElements/ToDoElements.jsx
FN:19,(anonymous_0)
FN:62,(anonymous_1)
FN:63,(anonymous_2)
FN:64,(anonymous_3)
FN:65,(anonymous_4)
FNF:5
FNH:1
FNDA:7,(anonymous_0)
FNDA:0,(anonymous_1)
FNDA:0,(anonymous_2)
FNDA:0,(anonymous_3)
FNDA:0,(anonymous_4)
DA:19,3
DA:29,7
DA:30,7
DA:57,3
DA:67,3
LF:5
LH:5
BRF:0
BRH:0
end_of_record
TN:
SF:/home/gwl/SAMANDAR/react-training/src/Component/ToDo/ToDoElements/index.jsx
FNF:0
FNH:0
LF:0
LH:0
BRF:0
BRH:0
end_of_record
TN:
SF:/home/gwl/SAMANDAR/react-training/src/Component/ToDo/ToDoFilter/ToDoFilter.jsx
FN:11,(anonymous_0)
FN:49,(anonymous_1)
FNF:2
FNH:1
FNDA:11,(anonymous_0)
FNDA:0,(anonymous_1)
DA:11,4
DA:12,11
DA:13,11
DA:48,4
DA:52,4
LF:5
LH:5
BRDA:18,0,0,9
BRDA:18,0,1,2
BRDA:21,1,0,9
BRDA:21,1,1,2
BRDA:22,2,0,9
BRDA:22,2,1,2
BRDA:28,3,0,1
BRDA:28,3,1,10
BRDA:31,4,0,1
BRDA:31,4,1,10
BRDA:32,5,0,1
BRDA:32,5,1,10
BRDA:38,6,0,1
BRDA:38,6,1,10
BRDA:41,7,0,1
BRDA:41,7,1,10
BRDA:42,8,0,1
BRDA:42,8,1,10
BRF:18
BRH:18
end_of_record
TN:
SF:/home/gwl/SAMANDAR/react-training/src/Component/ToDo/ToDoFilter/index.jsx
FNF:0
FNH:0
LF:0
LH:0
BRF:0
BRH:0
end_of_record
TN:
SF:/home/gwl/SAMANDAR/react-training/src/Component/ToDo/ToDoList/ToDoList.jsx
FN:11,(anonymous_0)
FN:19,(anonymous_1)
FN:23,(anonymous_2)
FN:27,(anonymous_3)
FN:33,(anonymous_4)
FN:37,(anonymous_5)
FN:41,(anonymous_6)
FN:47,(anonymous_7)
FN:57,(anonymous_8)
FN:62,(anonymous_9)
FN:74,(anonymous_10)
FN:82,(anonymous_11)
FN:87,(anonymous_12)
FN:96,(anonymous_13)
FN:113,(anonymous_14)
FN:123,(anonymous_15)
FN:136,(anonymous_16)
FN:138,(anonymous_17)
FNF:18
FNH:11
FNDA:2,(anonymous_0)
FNDA:2,(anonymous_1)
FNDA:8,(anonymous_2)
FNDA:0,(anonymous_3)
FNDA:0,(anonymous_4)
FNDA:0,(anonymous_5)
FNDA:0,(anonymous_6)
FNDA:1,(anonymous_7)
FNDA:1,(anonymous_8)
FNDA:1,(anonymous_9)
FNDA:6,(anonymous_10)
FNDA:1,(anonymous_11)
FNDA:1,(anonymous_12)
FNDA:10,(anonymous_13)
FNDA:7,(anonymous_14)
FNDA:0,(anonymous_15)
FNDA:0,(anonymous_16)
FNDA:0,(anonymous_17)
DA:12,2
DA:13,2
DA:20,2
DA:24,8
DA:25,0
DA:28,0
DA:33,2
DA:34,0
DA:37,2
DA:38,0
DA:40,0
DA:41,0
DA:42,0
DA:44,0
DA:47,2
DA:49,1
DA:50,1
DA:51,1
DA:52,1
DA:55,1
DA:58,1
DA:62,2
DA:63,1
DA:64,1
DA:65,1
DA:66,1
DA:69,1
DA:74,2
DA:75,6
DA:76,6
DA:77,6
DA:79,4
DA:80,2
DA:82,1
DA:83,1
DA:85,1
DA:87,1
DA:88,1
DA:91,6
DA:97,10
DA:98,10
DA:114,7
DA:123,0
DA:135,3
DA:140,3
LF:45
LH:36
BRDA:24,0,0,0
BRDA:24,0,1,8
BRDA:51,1,0,1
BRDA:51,1,1,0
BRDA:65,2,0,1
BRDA:65,2,1,0
BRDA:77,3,0,4
BRDA:77,3,1,2
BRDA:80,4,0,1
BRDA:80,4,1,1
BRDA:85,5,0,1
BRDA:85,5,1,0
BRF:12
BRH:8
end_of_record
TN:
SF:/home/gwl/SAMANDAR/react-training/src/Component/ToDo/ToDoList/index.jsx
FNF:0
FNH:0
LF:0
LH:0
BRF:0
BRH:0
end_of_record
TN:
SF:/home/gwl/SAMANDAR/react-training/src/Component/ToDo/ToDoStatus/ToDoStatus.jsx
FN:11,(anonymous_0)
FN:30,(anonymous_1)
FNF:2
FNH:1
FNDA:7,(anonymous_0)
FNDA:0,(anonymous_1)
DA:11,3
DA:16,7
DA:17,7
DA:28,3
DA:33,3
LF:5
LH:5
BRDA:20,0,0,4
BRDA:20,0,1,3
BRDA:21,1,0,4
BRDA:21,1,1,3
BRDA:24,2,0,4
BRDA:24,2,1,3
BRF:6
BRH:6
end_of_record
TN:
SF:/home/gwl/SAMANDAR/react-training/src/Component/ToDo/ToDoStatus/index.jsx
FNF:0
FNH:0
LF:0
LH:0
BRF:0
BRH:0
end_of_record
